
Circuit 1 cell sky130_fd_pr__cap_mim_m3_1 and Circuit 2 cell sky130_fd_pr__cap_mim_m3_1 are black boxes.
Equate elements:  no current cell.
Device classes sky130_fd_pr__cap_mim_m3_1 and sky130_fd_pr__cap_mim_m3_1 are equivalent.

Class mimcap.spice (1):  Merged 6 parallel devices.
Subcircuit summary:
Circuit 1: filter_lvs.spice                |Circuit 2: mimcap.spice                    
-------------------------------------------|-------------------------------------------
sky130_fd_pr__cap_mim_m3_1 (2)             |sky130_fd_pr__cap_mim_m3_1 (2->1) **Mismat 
sky130_fd_pr__res_xhigh_po (6)             |(no matching element)                      
(no matching element)                      |sky130_fd_pr__res_xhigh_po_0p35 (8->3)     
(no matching element)                      |**FLOATING (1)                             
Number of devices: 8 **Mismatch**          |Number of devices: 5 **Mismatch**          
Number of nets: 13 **Mismatch**            |Number of nets: 4 **Mismatch**             
---------------------------------------------------------------------------------------
NET mismatches: Class fragments follow (with fanout counts):
Circuit 1: filter_lvs.spice                |Circuit 2: mimcap.spice                    

---------------------------------------------------------------------------------------
Net: Vout+                                 |Net: bot                                   
  sky130_fd_pr__cap_mim_m3_1/1 = 1         |  sky130_fd_pr__res_xhigh_po_0p35/(1|2) =  
  sky130_fd_pr__res_xhigh_po/(1|2) = 1     |  sky130_fd_pr__cap_mim_m3_1/1 = 1         
                                           |  sky130_fd_pr__cap_mim_m3_1/2 = 1         
                                           |  **FLOATING/top = 1                       
                                           |                                           
Net: GND                                   |Net: GND                                   
  sky130_fd_pr__res_xhigh_po/(1|2) = 2     |  sky130_fd_pr__res_xhigh_po_0p35/3 = 3    
                                           |  **FLOATING/bottom = 1                    
                                           |                                           
Net: Vout-                                 |(no matching net)                          
  sky130_fd_pr__cap_mim_m3_1/2 = 1         |                                           
  sky130_fd_pr__res_xhigh_po/(1|2) = 1     |                                           
---------------------------------------------------------------------------------------

---------------------------------------------------------------------------------------
Net: net2                                  |(no matching net)                          
  sky130_fd_pr__cap_mim_m3_1/2 = 1         |                                           
  sky130_fd_pr__res_xhigh_po/(1|2) = 2     |                                           
                                           |                                           
Net: net1                                  |(no matching net)                          
  sky130_fd_pr__cap_mim_m3_1/1 = 1         |                                           
  sky130_fd_pr__res_xhigh_po/(1|2) = 2     |                                           
---------------------------------------------------------------------------------------
DEVICE mismatches: Class fragments follow (with node fanout counts):
Circuit 1: filter_lvs.spice                |Circuit 2: mimcap.spice                    

---------------------------------------------------------------------------------------
Instance: sky130_fd_pr__cap_mim_m3_1:C4    |Instance: sky130_fd_pr__res_xhigh_po_0p35: 
  1 = 3                                    |  (1,2) = (7,7)                            
  2 = 3                                    |  3 = 4                                    
                                           |                                           
                                           |                                           
(no matching instance)                     |Instance: **FLOATING:0                     
                                           |  top = 7                                  
                                           |  bottom = 4                               
---------------------------------------------------------------------------------------
Netlists do not match.
Cells have no pins;  pin matching not needed.
Device classes filter_lvs.spice and mimcap.spice are equivalent.

Final result: Netlists do not match.
