
Circuit 1 cell sky130_fd_pr__pfet_01v8 and Circuit 2 cell sky130_fd_pr__pfet_01v8 are black boxes.
Equate elements:  no current cell.
Device classes sky130_fd_pr__pfet_01v8 and sky130_fd_pr__pfet_01v8 are equivalent.

Circuit 1 cell sky130_fd_pr__nfet_01v8 and Circuit 2 cell sky130_fd_pr__nfet_01v8 are black boxes.
Equate elements:  no current cell.
Device classes sky130_fd_pr__nfet_01v8 and sky130_fd_pr__nfet_01v8 are equivalent.

Subcircuit summary:
Circuit 1: inverter                        |Circuit 2: inverter                        
-------------------------------------------|-------------------------------------------
sky130_fd_pr__pfet_01v8 (1)                |sky130_fd_pr__pfet_01v8 (1)                
sky130_fd_pr__nfet_01v8 (1)                |sky130_fd_pr__nfet_01v8 (1)                
Number of devices: 2                       |Number of devices: 2                       
Number of nets: 4                          |Number of nets: 4                          
---------------------------------------------------------------------------------------
Netlists match uniquely.

Subcircuit pins:
Circuit 1: inverter                        |Circuit 2: inverter                        
-------------------------------------------|-------------------------------------------
Y                                          |Y                                          
A                                          |A                                          
GND                                        |VN **Mismatch**                            
VDD                                        |VP **Mismatch**                            
---------------------------------------------------------------------------------------
Cell pin lists for inverter and inverter altered to match.
Device classes inverter and inverter are equivalent.

Circuit 1 cell sky130_fd_pr__cap_mim_m3_1 and Circuit 2 cell sky130_fd_pr__cap_mim_m3_1 are black boxes.
Equate elements:  no current cell.
Device classes sky130_fd_pr__cap_mim_m3_1 and sky130_fd_pr__cap_mim_m3_1 are equivalent.

Circuit 1 cell sky130_fd_pr__res_xhigh_po and Circuit 2 cell sky130_fd_pr__res_xhigh_po are black boxes.
Equate elements:  no current cell.
Device classes sky130_fd_pr__res_xhigh_po and sky130_fd_pr__res_xhigh_po are equivalent.
Flattening unmatched subcell register_lauren in circuit final_lds.spice (0)(1 instance)
Flattening unmatched subcell csrl_dff3_lds in circuit final_lds.spice (0)(16 instances)
Flattening unmatched subcell v_gen_lds in circuit final_lds.spice (0)(1 instance)
Flattening unmatched subcell dac_lds in circuit final_lds.spice (0)(1 instance)
Flattening unmatched subcell dac_unit_lds_v2 in circuit final_lds.spice (0)(40 instances)
Flattening unmatched subcell filter_lvs in circuit final_lds.spice (0)(1 instance)
Flattening unmatched subcell v_gen in circuit final.spice (1)(1 instance)
Flattening unmatched subcell dac_v2 in circuit final.spice (1)(1 instance)
Flattening unmatched subcell dac_unit in circuit final.spice (1)(40 instances)
Flattening unmatched subcell filter in circuit final.spice (1)(1 instance)
Flattening unmatched subcell register16 in circuit final.spice (1)(1 instance)
Flattening unmatched subcell csrl_dff2 in circuit final.spice (1)(14 instances)
Flattening unmatched subcell csrl_dff3 in circuit final.spice (1)(1 instance)
Flattening unmatched subcell csrl_dff1 in circuit final.spice (1)(1 instance)

Class final_lds.spice (0):  Merged 91 parallel devices.
Class final.spice (1):  Merged 91 parallel devices.
Class final.spice (1):  Merged 2 series devices.
Subcircuit summary:
Circuit 1: final_lds.spice                 |Circuit 2: final.spice                     
-------------------------------------------|-------------------------------------------
sky130_fd_pr__pfet_01v8 (610->522)         |sky130_fd_pr__pfet_01v8 (610->522)         
sky130_fd_pr__nfet_01v8 (130->127)         |sky130_fd_pr__nfet_01v8 (130->127)         
inverter (7)                               |inverter (7)                               
sky130_fd_pr__cap_mim_m3_1 (2)             |sky130_fd_pr__cap_mim_m3_1 (2)             
sky130_fd_pr__res_xhigh_po (6)             |sky130_fd_pr__res_xhigh_po (8->6)          
Number of devices: 664                     |Number of devices: 664                     
Number of nets: 287                        |Number of nets: 287                        
---------------------------------------------------------------------------------------
Resolving symmetries by property value.
Resolving symmetries by pin name.
Netlists match with 58 symmetries with property errors.
filter_lvs:3/sky130_fd_pr__res_xhigh_po:R12 vs. filter_0/sky130_fd_pr__res_xhigh_po:0:
Property W in circuit1 has no matching property in circuit2
filter_lvs:3/sky130_fd_pr__res_xhigh_po:R11 vs. filter_0/sky130_fd_pr__res_xhigh_po:2:
Property W in circuit1 has no matching property in circuit2
filter_lvs:3/sky130_fd_pr__res_xhigh_po:R9 vs. filter_0/sky130_fd_pr__res_xhigh_po:5:
 L circuit1: 10   circuit2: 3.5   (delta=96.3%, cutoff=1%)
filter_lvs:3/sky130_fd_pr__res_xhigh_po:R9 vs. filter_0/sky130_fd_pr__res_xhigh_po:5:
Property W in circuit1 has no matching property in circuit2
filter_lvs:3/sky130_fd_pr__res_xhigh_po:R7 vs. filter_0/sky130_fd_pr__res_xhigh_po:7:
 L circuit1: 10   circuit2: 3.5   (delta=96.3%, cutoff=1%)
filter_lvs:3/sky130_fd_pr__res_xhigh_po:R7 vs. filter_0/sky130_fd_pr__res_xhigh_po:7:
Property W in circuit1 has no matching property in circuit2
filter_lvs:3/sky130_fd_pr__res_xhigh_po:R10 vs. filter_0/sky130_fd_pr__res_xhigh_po:8:
 L circuit1: 10   circuit2: 3.5   (delta=96.3%, cutoff=1%)
filter_lvs:3/sky130_fd_pr__res_xhigh_po:R10 vs. filter_0/sky130_fd_pr__res_xhigh_po:8:
Property W in circuit1 has no matching property in circuit2
filter_lvs:3/sky130_fd_pr__res_xhigh_po:R8 vs. filter_0/sky130_fd_pr__res_xhigh_po:6:
 L circuit1: 10   circuit2: 3.5   (delta=96.3%, cutoff=1%)
filter_lvs:3/sky130_fd_pr__res_xhigh_po:R8 vs. filter_0/sky130_fd_pr__res_xhigh_po:6:
Property W in circuit1 has no matching property in circuit2
filter_lvs:3/sky130_fd_pr__cap_mim_m3_1:C4 vs. filter_0/sky130_fd_pr__cap_mim_m3_1:3:
 L circuit1: 8   circuit2: 10   (delta=22.2%, cutoff=1%)
 W circuit1: 10   circuit2: 8   (delta=22.2%, cutoff=1%)
filter_lvs:3/sky130_fd_pr__cap_mim_m3_1:C3 vs. filter_0/sky130_fd_pr__cap_mim_m3_1:9:
 L circuit1: 8   circuit2: 10   (delta=22.2%, cutoff=1%)
 W circuit1: 10   circuit2: 8   (delta=22.2%, cutoff=1%)
Cells have no pins;  pin matching not needed.
Device classes final_lds.spice and final.spice are equivalent.

Final result: Circuits match uniquely.
Property errors were found.

The following cells had property errors:
 final_lds.spice
