
Circuit 1 cell sky130_fd_pr__pfet_01v8 and Circuit 2 cell sky130_fd_pr__pfet_01v8 are black boxes.
Equate elements:  no current cell.
Device classes sky130_fd_pr__pfet_01v8 and sky130_fd_pr__pfet_01v8 are equivalent.

Circuit 1 cell sky130_fd_pr__nfet_01v8 and Circuit 2 cell sky130_fd_pr__nfet_01v8 are black boxes.
Equate elements:  no current cell.
Device classes sky130_fd_pr__nfet_01v8 and sky130_fd_pr__nfet_01v8 are equivalent.
Flattening unmatched subcell csrl_dff3_lds in circuit register_lauren.spice (0)(16 instances)
Flattening unmatched subcell csrl_dff2 in circuit register16.spice (1)(14 instances)
Flattening unmatched subcell csrl_dff3 in circuit register16.spice (1)(1 instance)
Flattening unmatched subcell csrl_dff1 in circuit register16.spice (1)(1 instance)

Subcircuit summary:
Circuit 1: register_lauren.spice           |Circuit 2: register16.spice                
-------------------------------------------|-------------------------------------------
sky130_fd_pr__pfet_01v8 (112)              |sky130_fd_pr__pfet_01v8 (112)              
sky130_fd_pr__nfet_01v8 (112)              |sky130_fd_pr__nfet_01v8 (112)              
Number of devices: 224                     |Number of devices: 224                     
Number of nets: 99                         |Number of nets: 99                         
---------------------------------------------------------------------------------------
Resolving symmetries by property value.
Resolving symmetries by pin name.
Netlists match uniquely.
Cells have no pins;  pin matching not needed.
Device classes register_lauren.spice and register16.spice are equivalent.

Final result: Circuits match uniquely.
.
